=== 日誌檔案已清空 - 2025-06-24 20:09:59 ===
{"timestamp":"2025-06-24 20:09:59","server_running":true,"slave_id":1,"total_registers":3000,"changed_registers_count":86,"uptime_seconds":180071,"sample_registers":{"0":200,"9":1000,"49":5000,"99":12345,"100":12345,"200":32768,"202":9,"241":1,"242":1334,"243":634},"memory_usage_mb":9.0}
{"timestamp":"2025-06-24 20:10:59","server_running":true,"slave_id":1,"total_registers":3000,"changed_registers_count":86,"uptime_seconds":180131,"sample_registers":{"0":200,"9":1000,"49":5000,"99":12345,"100":12345,"200":32768,"202":9,"241":1,"242":1334,"243":634},"memory_usage_mb":9.0}
{"timestamp":"2025-06-24 20:11:59","server_running":true,"slave_id":1,"total_registers":3000,"changed_registers_count":87,"uptime_seconds":180191,"sample_registers":{"0":200,"9":1000,"49":5000,"99":12345,"100":12345,"200":32768,"202":9,"241":1,"242":1334,"243":634},"memory_usage_mb":9.1}
{"timestamp":"2025-06-24 20:13:00","server_running":true,"slave_id":1,"total_registers":3000,"changed_registers_count":87,"uptime_seconds":180251,"sample_registers":{"0":200,"9":1000,"49":5000,"99":12345,"100":12345,"200":32768,"202":9,"241":1,"242":1334,"243":634},"memory_usage_mb":9.1}
{"timestamp":"2025-06-24 20:14:00","server_running":true,"slave_id":1,"total_registers":3000,"changed_registers_count":87,"uptime_seconds":180311,"sample_registers":{"0":200,"9":1000,"49":5000,"99":12345,"100":12345,"200":32768,"202":9,"241":1,"242":1334,"243":634},"memory_usage_mb":9.1}
{"timestamp":"2025-06-24 20:15:00","server_running":true,"slave_id":1,"total_registers":3000,"changed_registers_count":87,"uptime_seconds":180371,"sample_registers":{"0":200,"9":1000,"49":5000,"99":12345,"100":12345,"200":32768,"202":9,"241":1,"242":1334,"243":634},"memory_usage_mb":9.1}
{"timestamp":"2025-06-24 20:16:00","server_running":true,"slave_id":1,"total_registers":3000,"changed_registers_count":87,"uptime_seconds":180431,"sample_registers":{"0":200,"9":1000,"49":5000,"99":12345,"100":12345,"200":32768,"202":9,"241":1,"242":1334,"243":634},"memory_usage_mb":9.1}
{"timestamp":"2025-06-24 20:17:00","server_running":true,"slave_id":1,"total_registers":3000,"changed_registers_count":92,"uptime_seconds":180491,"sample_registers":{"0":200,"9":1000,"49":5000,"99":12345,"100":12345,"200":32768,"202":9,"241":1,"242":1334,"243":634},"memory_usage_mb":9.2}
{"timestamp":"2025-06-24 20:18:00","server_running":true,"slave_id":1,"total_registers":3000,"changed_registers_count":91,"uptime_seconds":180551,"sample_registers":{"0":200,"9":1000,"49":5000,"99":12345,"100":12345,"200":32768,"202":9,"241":1,"242":1334,"243":634},"memory_usage_mb":9.3}
{"timestamp":"2025-06-24 20:19:00","server_running":true,"slave_id":1,"total_registers":3000,"changed_registers_count":91,"uptime_seconds":180611,"sample_registers":{"0":200,"9":1000,"49":5000,"99":12345,"100":12345,"200":32768,"202":9,"241":1,"242":1396,"243":725},"memory_usage_mb":9.3}
{"timestamp":"2025-06-24 20:20:00","server_running":true,"slave_id":1,"total_registers":3000,"changed_registers_count":90,"uptime_seconds":180671,"sample_registers":{"0":200,"9":1000,"49":5000,"99":12345,"100":12345,"200":32768,"202":9,"241":1,"242":1396,"243":725},"memory_usage_mb":9.3}
{"timestamp":"2025-06-24 20:21:00","server_running":true,"slave_id":1,"total_registers":3000,"changed_registers_count":91,"uptime_seconds":180731,"sample_registers":{"0":200,"9":1000,"49":5000,"99":12345,"100":12345,"200":32768,"202":9,"241":1,"242":1396,"243":725},"memory_usage_mb":9.3}
{"timestamp":"2025-06-24 20:22:00","server_running":true,"slave_id":1,"total_registers":3000,"changed_registers_count":91,"uptime_seconds":180791,"sample_registers":{"0":200,"9":1000,"49":5000,"99":12345,"100":12345,"200":32768,"202":9,"241":1,"242":1396,"243":725},"memory_usage_mb":9.4}
{"timestamp":"2025-06-24 20:23:00","server_running":true,"slave_id":1,"total_registers":3000,"changed_registers_count":91,"uptime_seconds":180851,"sample_registers":{"0":200,"9":1000,"49":5000,"99":12345,"100":12345,"200":32768,"202":9,"241":1,"242":1396,"243":725},"memory_usage_mb":9.4}
{"timestamp":"2025-06-24 20:24:00","server_running":true,"slave_id":1,"total_registers":3000,"changed_registers_count":91,"uptime_seconds":180911,"sample_registers":{"0":200,"9":1000,"49":5000,"99":12345,"100":12345,"200":32768,"202":9,"241":1,"242":1396,"243":725},"memory_usage_mb":9.4}
{"timestamp":"2025-06-24 20:25:00","server_running":true,"slave_id":1,"total_registers":3000,"changed_registers_count":91,"uptime_seconds":180971,"sample_registers":{"0":200,"9":1000,"49":5000,"99":12345,"100":12345,"200":32768,"202":9,"241":1,"242":1396,"243":725},"memory_usage_mb":9.4}
{"timestamp":"2025-06-24 20:26:00","server_running":true,"slave_id":1,"total_registers":3000,"changed_registers_count":91,"uptime_seconds":181031,"sample_registers":{"0":200,"9":1000,"49":5000,"99":12345,"100":12345,"200":32768,"202":9,"241":1,"242":1396,"243":725},"memory_usage_mb":9.4}
{"timestamp":"2025-06-24 20:27:00","server_running":true,"slave_id":1,"total_registers":3000,"changed_registers_count":91,"uptime_seconds":181091,"sample_registers":{"0":200,"9":1000,"49":5000,"99":12345,"100":12345,"200":32768,"202":9,"241":1,"242":1396,"243":725},"memory_usage_mb":9.4}
{"timestamp":"2025-06-24 20:28:00","server_running":true,"slave_id":1,"total_registers":3000,"changed_registers_count":90,"uptime_seconds":181151,"sample_registers":{"0":200,"9":1000,"49":5000,"99":12345,"100":12345,"200":32768,"202":9,"241":1,"242":1396,"243":725},"memory_usage_mb":9.4}
{"timestamp":"2025-06-24 20:29:00","server_running":true,"slave_id":1,"total_registers":3000,"changed_registers_count":90,"uptime_seconds":181211,"sample_registers":{"0":200,"9":1000,"49":5000,"99":12345,"100":12345,"200":32768,"202":9,"241":1,"242":1396,"243":725},"memory_usage_mb":9.4}
{"timestamp":"2025-06-24 20:30:00","server_running":true,"slave_id":1,"total_registers":3000,"changed_registers_count":90,"uptime_seconds":181271,"sample_registers":{"0":200,"9":1000,"49":5000,"99":12345,"100":12345,"200":32768,"202":9,"241":1,"242":1396,"243":725},"memory_usage_mb":9.4}
{"timestamp":"2025-06-24 20:31:00","server_running":true,"slave_id":1,"total_registers":3000,"changed_registers_count":96,"uptime_seconds":181331,"sample_registers":{"0":200,"9":1000,"49":5000,"99":12345,"100":12345,"200":32768,"202":9,"241":1,"242":1396,"243":725},"memory_usage_mb":9.4}
{"timestamp":"2025-06-24 20:32:00","server_running":true,"slave_id":1,"total_registers":3000,"changed_registers_count":97,"uptime_seconds":181391,"sample_registers":{"0":200,"9":1000,"49":5000,"99":12345,"100":12345,"200":32768,"202":9,"241":1,"242":1396,"243":725},"memory_usage_mb":9.4}
{"timestamp":"2025-06-24 20:33:00","server_running":true,"slave_id":1,"total_registers":3000,"changed_registers_count":97,"uptime_seconds":181451,"sample_registers":{"0":200,"9":1000,"49":5000,"99":12345,"100":12345,"200":32768,"202":9,"241":1,"242":1396,"243":725},"memory_usage_mb":9.4}
{"timestamp":"2025-06-24 20:34:00","server_running":true,"slave_id":1,"total_registers":3000,"changed_registers_count":97,"uptime_seconds":181511,"sample_registers":{"0":200,"9":1000,"49":5000,"99":12345,"100":12345,"200":32768,"202":9,"241":1,"242":1396,"243":725},"memory_usage_mb":9.4}
{"timestamp":"2025-06-24 20:35:00","server_running":true,"slave_id":1,"total_registers":3000,"changed_registers_count":97,"uptime_seconds":181571,"sample_registers":{"0":200,"9":1000,"49":5000,"99":12345,"100":12345,"200":32768,"202":9,"241":1,"242":1396,"243":725},"memory_usage_mb":9.4}
{"timestamp":"2025-06-24 20:36:00","server_running":true,"slave_id":1,"total_registers":3000,"changed_registers_count":97,"uptime_seconds":181631,"sample_registers":{"0":200,"9":1000,"49":5000,"99":12345,"100":12345,"200":32768,"202":9,"241":1,"242":1396,"243":725},"memory_usage_mb":9.4}
{"timestamp":"2025-06-24 20:37:00","server_running":true,"slave_id":1,"total_registers":3000,"changed_registers_count":97,"uptime_seconds":181691,"sample_registers":{"0":200,"9":1000,"49":5000,"99":12345,"100":12345,"200":32768,"202":9,"241":1,"242":1396,"243":725},"memory_usage_mb":9.4}
{"timestamp":"2025-06-24 20:38:00","server_running":true,"slave_id":1,"total_registers":3000,"changed_registers_count":97,"uptime_seconds":181751,"sample_registers":{"0":200,"9":1000,"49":5000,"99":12345,"100":12345,"200":32768,"202":9,"241":1,"242":1396,"243":725},"memory_usage_mb":9.4}
{"timestamp":"2025-06-24 20:39:00","server_running":true,"slave_id":1,"total_registers":3000,"changed_registers_count":97,"uptime_seconds":181811,"sample_registers":{"0":200,"9":1000,"49":5000,"99":12345,"100":12345,"200":32768,"202":9,"241":1,"242":1396,"243":725},"memory_usage_mb":9.4}
{"timestamp":"2025-06-24 20:40:00","server_running":true,"slave_id":1,"total_registers":3000,"changed_registers_count":97,"uptime_seconds":181871,"sample_registers":{"0":200,"9":1000,"49":5000,"99":12345,"100":12345,"200":32768,"202":9,"241":1,"242":1396,"243":725},"memory_usage_mb":9.4}
{"timestamp":"2025-06-24 20:41:00","server_running":true,"slave_id":1,"total_registers":3000,"changed_registers_count":97,"uptime_seconds":181931,"sample_registers":{"0":200,"9":1000,"49":5000,"99":12345,"100":12345,"200":32768,"202":9,"241":1,"242":1396,"243":725},"memory_usage_mb":9.4}
{"timestamp":"2025-06-24 20:42:00","server_running":true,"slave_id":1,"total_registers":3000,"changed_registers_count":97,"uptime_seconds":181991,"sample_registers":{"0":200,"9":1000,"49":5000,"99":12345,"100":12345,"200":32768,"202":9,"241":1,"242":1396,"243":725},"memory_usage_mb":9.4}
{"timestamp":"2025-06-24 20:43:00","server_running":true,"slave_id":1,"total_registers":3000,"changed_registers_count":97,"uptime_seconds":182051,"sample_registers":{"0":200,"9":1000,"49":5000,"99":12345,"100":12345,"200":32768,"202":9,"241":1,"242":1396,"243":725},"memory_usage_mb":9.4}
{"timestamp":"2025-06-24 20:44:00","server_running":true,"slave_id":1,"total_registers":3000,"changed_registers_count":97,"uptime_seconds":182111,"sample_registers":{"0":200,"9":1000,"49":5000,"99":12345,"100":12345,"200":32768,"202":9,"241":1,"242":1396,"243":725},"memory_usage_mb":20.0}
{"timestamp":"2025-06-24 20:45:00","server_running":true,"slave_id":1,"total_registers":3000,"changed_registers_count":97,"uptime_seconds":182171,"sample_registers":{"0":200,"9":1000,"49":5000,"99":12345,"100":12345,"200":32768,"202":9,"241":1,"242":1396,"243":725},"memory_usage_mb":20.0}
{"timestamp":"2025-06-24 20:46:00","server_running":true,"slave_id":1,"total_registers":3000,"changed_registers_count":97,"uptime_seconds":182231,"sample_registers":{"0":200,"9":1000,"49":5000,"99":12345,"100":12345,"200":32768,"202":9,"241":1,"242":1396,"243":725},"memory_usage_mb":20.0}
{"timestamp":"2025-06-24 20:47:00","server_running":true,"slave_id":1,"total_registers":3000,"changed_registers_count":97,"uptime_seconds":182291,"sample_registers":{"0":200,"9":1000,"49":5000,"99":12345,"100":12345,"200":32768,"202":9,"241":1,"242":1396,"243":725},"memory_usage_mb":20.1}
{"timestamp":"2025-06-24 20:48:00","server_running":true,"slave_id":1,"total_registers":3000,"changed_registers_count":97,"uptime_seconds":182351,"sample_registers":{"0":200,"9":1000,"49":5000,"99":12345,"100":12345,"200":32768,"202":9,"241":1,"242":1396,"243":725},"memory_usage_mb":20.0}
{"timestamp":"2025-06-24 20:49:01","server_running":false,"slave_id":1,"total_registers":2000,"changed_registers_count":0,"uptime_seconds":0,"sample_registers":{},"memory_usage_mb":38.8}
{"timestamp":"2025-06-24 20:50:01","server_running":true,"slave_id":1,"total_registers":2000,"changed_registers_count":0,"uptime_seconds":59,"sample_registers":{},"memory_usage_mb":40.3}
{"timestamp":"2025-06-24 20:51:01","server_running":true,"slave_id":1,"total_registers":2000,"changed_registers_count":0,"uptime_seconds":119,"sample_registers":{},"memory_usage_mb":40.3}
{"timestamp":"2025-06-24 20:52:01","server_running":true,"slave_id":1,"total_registers":2000,"changed_registers_count":0,"uptime_seconds":179,"sample_registers":{},"memory_usage_mb":40.3}
{"timestamp":"2025-06-24 20:53:01","server_running":true,"slave_id":1,"total_registers":2000,"changed_registers_count":0,"uptime_seconds":239,"sample_registers":{},"memory_usage_mb":40.3}
{"timestamp":"2025-06-24 20:54:01","server_running":true,"slave_id":1,"total_registers":2000,"changed_registers_count":0,"uptime_seconds":299,"sample_registers":{},"memory_usage_mb":40.4}
{"timestamp":"2025-06-24 20:55:01","server_running":true,"slave_id":1,"total_registers":2000,"changed_registers_count":0,"uptime_seconds":359,"sample_registers":{},"memory_usage_mb":40.4}
{"timestamp":"2025-06-24 20:56:01","server_running":true,"slave_id":1,"total_registers":2000,"changed_registers_count":0,"uptime_seconds":419,"sample_registers":{},"memory_usage_mb":40.3}
{"timestamp":"2025-06-24 20:57:01","server_running":true,"slave_id":1,"total_registers":2000,"changed_registers_count":0,"uptime_seconds":479,"sample_registers":{},"memory_usage_mb":40.3}
{"timestamp":"2025-06-24 20:57:27","server_running":false,"slave_id":1,"total_registers":2000,"changed_registers_count":0,"uptime_seconds":0,"sample_registers":{},"memory_usage_mb":38.8}
{"timestamp":"2025-06-24 20:58:27","server_running":true,"slave_id":1,"total_registers":2000,"changed_registers_count":0,"uptime_seconds":59,"sample_registers":{},"memory_usage_mb":40.3}
{"timestamp":"2025-06-24 20:59:49","server_running":false,"slave_id":1,"total_registers":2000,"changed_registers_count":0,"uptime_seconds":0,"sample_registers":{},"memory_usage_mb":39.0}
{"timestamp":"2025-06-24 21:00:49","server_running":true,"slave_id":1,"total_registers":2000,"changed_registers_count":0,"uptime_seconds":59,"sample_registers":{},"memory_usage_mb":40.5}
{"timestamp":"2025-06-24 21:01:49","server_running":true,"slave_id":1,"total_registers":2000,"changed_registers_count":0,"uptime_seconds":119,"sample_registers":{},"memory_usage_mb":40.5}
{"timestamp":"2025-06-24 21:02:49","server_running":true,"slave_id":1,"total_registers":2000,"changed_registers_count":0,"uptime_seconds":179,"sample_registers":{},"memory_usage_mb":40.4}
{"timestamp":"2025-06-24 21:03:49","server_running":true,"slave_id":1,"total_registers":2000,"changed_registers_count":0,"uptime_seconds":239,"sample_registers":{},"memory_usage_mb":40.4}
{"timestamp":"2025-06-24 21:04:49","server_running":true,"slave_id":1,"total_registers":2000,"changed_registers_count":0,"uptime_seconds":299,"sample_registers":{},"memory_usage_mb":40.5}
{"timestamp":"2025-06-24 21:05:49","server_running":true,"slave_id":1,"total_registers":2000,"changed_registers_count":0,"uptime_seconds":359,"sample_registers":{},"memory_usage_mb":40.5}
{"timestamp":"2025-06-24 21:06:49","server_running":true,"slave_id":1,"total_registers":2000,"changed_registers_count":0,"uptime_seconds":419,"sample_registers":{},"memory_usage_mb":40.4}
{"timestamp":"2025-06-24 21:07:49","server_running":true,"slave_id":1,"total_registers":2000,"changed_registers_count":0,"uptime_seconds":479,"sample_registers":{},"memory_usage_mb":40.4}
{"timestamp":"2025-06-24 21:08:49","server_running":true,"slave_id":1,"total_registers":2000,"changed_registers_count":0,"uptime_seconds":539,"sample_registers":{},"memory_usage_mb":40.4}
{"timestamp":"2025-06-24 21:08:51","server_running":false,"slave_id":1,"total_registers":2000,"changed_registers_count":0,"uptime_seconds":0,"sample_registers":{},"memory_usage_mb":39.1}
{"timestamp":"2025-06-24 21:09:52","server_running":true,"slave_id":1,"total_registers":2000,"changed_registers_count":0,"uptime_seconds":59,"sample_registers":{},"memory_usage_mb":40.6}
{"timestamp":"2025-06-24 21:10:52","server_running":true,"slave_id":1,"total_registers":2000,"changed_registers_count":0,"uptime_seconds":119,"sample_registers":{},"memory_usage_mb":40.6}
{"timestamp":"2025-06-24 21:11:52","server_running":true,"slave_id":1,"total_registers":2000,"changed_registers_count":0,"uptime_seconds":179,"sample_registers":{},"memory_usage_mb":40.6}
{"timestamp":"2025-06-24 21:12:52","server_running":true,"slave_id":1,"total_registers":2000,"changed_registers_count":0,"uptime_seconds":239,"sample_registers":{},"memory_usage_mb":40.6}
{"timestamp":"2025-06-24 21:13:52","server_running":true,"slave_id":1,"total_registers":2000,"changed_registers_count":0,"uptime_seconds":299,"sample_registers":{},"memory_usage_mb":40.6}
{"timestamp":"2025-06-24 21:14:52","server_running":true,"slave_id":1,"total_registers":2000,"changed_registers_count":0,"uptime_seconds":359,"sample_registers":{},"memory_usage_mb":40.6}
{"timestamp":"2025-06-24 21:15:44","server_running":false,"slave_id":1,"total_registers":2000,"changed_registers_count":0,"uptime_seconds":0,"sample_registers":{},"memory_usage_mb":39.0}
{"timestamp":"2025-06-24 21:16:44","server_running":true,"slave_id":1,"total_registers":2000,"changed_registers_count":0,"uptime_seconds":59,"sample_registers":{},"memory_usage_mb":40.3}
{"timestamp":"2025-06-24 21:17:01","server_running":false,"slave_id":1,"total_registers":2000,"changed_registers_count":0,"uptime_seconds":0,"sample_registers":{},"memory_usage_mb":39.1}
{"timestamp":"2025-06-24 21:18:01","server_running":true,"slave_id":1,"total_registers":2000,"changed_registers_count":0,"uptime_seconds":59,"sample_registers":{},"memory_usage_mb":40.5}
{"timestamp":"2025-06-24 21:18:14","server_running":false,"slave_id":1,"total_registers":2000,"changed_registers_count":0,"uptime_seconds":0,"sample_registers":{},"memory_usage_mb":39.1}
{"timestamp":"2025-06-24 21:19:14","server_running":true,"slave_id":1,"total_registers":2000,"changed_registers_count":0,"uptime_seconds":59,"sample_registers":{},"memory_usage_mb":40.3}
{"timestamp":"2025-06-24 21:19:59","server_running":false,"slave_id":1,"total_registers":3000,"changed_registers_count":8,"uptime_seconds":0,"sample_registers":{"0":100,"1":200,"10":1000,"50":5000,"100":12345,"200":32768,"500":65535,"999":40000},"memory_usage_mb":39.1}
{"timestamp":"2025-06-24 21:20:59","server_running":true,"slave_id":1,"total_registers":3000,"changed_registers_count":8,"uptime_seconds":59,"sample_registers":{"0":200,"9":1000,"49":5000,"99":12345,"100":12345,"200":32768,"500":65535,"999":40000},"memory_usage_mb":40.5}
{"timestamp":"2025-06-24 21:28:51","server_running":false,"slave_id":1,"total_registers":2000,"changed_registers_count":0,"uptime_seconds":0,"sample_registers":{},"memory_usage_mb":39.1}
{"timestamp":"2025-06-24 21:29:51","server_running":true,"slave_id":1,"total_registers":2000,"changed_registers_count":0,"uptime_seconds":59,"sample_registers":{},"memory_usage_mb":40.4}
{"timestamp":"2025-06-24 21:30:51","server_running":true,"slave_id":1,"total_registers":2000,"changed_registers_count":1,"uptime_seconds":119,"sample_registers":{"1002":25},"memory_usage_mb":40.4}
{"timestamp":"2025-06-24 21:31:51","server_running":true,"slave_id":1,"total_registers":2000,"changed_registers_count":12,"uptime_seconds":179,"sample_registers":{"1001":16,"1002":25,"1041":1,"1042":2,"1044":10000,"1045":1,"1081":304,"1082":304,"1083":304,"1084":1},"memory_usage_mb":40.5}
{"timestamp":"2025-06-24 21:32:51","server_running":true,"slave_id":1,"total_registers":2000,"changed_registers_count":12,"uptime_seconds":239,"sample_registers":{"1001":16,"1002":25,"1041":1,"1042":2,"1044":10000,"1045":1,"1081":304,"1082":304,"1083":304,"1084":1},"memory_usage_mb":40.5}
{"timestamp":"2025-06-24 21:33:51","server_running":true,"slave_id":1,"total_registers":2000,"changed_registers_count":13,"uptime_seconds":299,"sample_registers":{"1000":16,"1001":16,"1002":25,"1041":1,"1042":2,"1044":10000,"1045":1,"1081":304,"1082":304,"1083":304},"memory_usage_mb":40.5}
{"timestamp":"2025-06-24 21:34:51","server_running":true,"slave_id":1,"total_registers":2000,"changed_registers_count":13,"uptime_seconds":359,"sample_registers":{"1000":16,"1001":16,"1002":25,"1041":1,"1042":2,"1044":10000,"1045":1,"1081":304,"1082":304,"1083":304},"memory_usage_mb":40.5}
{"timestamp":"2025-06-24 21:35:51","server_running":true,"slave_id":1,"total_registers":2000,"changed_registers_count":13,"uptime_seconds":419,"sample_registers":{"1000":16,"1001":16,"1002":25,"1041":1,"1042":2,"1044":10000,"1045":1,"1081":304,"1082":304,"1083":304},"memory_usage_mb":40.5}
{"timestamp":"2025-06-24 21:36:51","server_running":true,"slave_id":1,"total_registers":2000,"changed_registers_count":13,"uptime_seconds":479,"sample_registers":{"1000":16,"1001":16,"1002":25,"1041":1,"1042":2,"1044":10000,"1045":1,"1081":304,"1082":304,"1083":304},"memory_usage_mb":40.5}
{"timestamp":"2025-06-24 21:37:51","server_running":true,"slave_id":1,"total_registers":2000,"changed_registers_count":13,"uptime_seconds":539,"sample_registers":{"1000":16,"1001":16,"1002":25,"1041":1,"1042":2,"1044":10000,"1045":1,"1081":304,"1082":304,"1083":304},"memory_usage_mb":40.5}
{"timestamp":"2025-06-24 21:38:51","server_running":true,"slave_id":1,"total_registers":2000,"changed_registers_count":13,"uptime_seconds":599,"sample_registers":{"1000":16,"1001":16,"1002":25,"1041":1,"1042":2,"1044":10000,"1045":1,"1081":304,"1082":304,"1083":304},"memory_usage_mb":40.5}
{"timestamp":"2025-06-24 21:39:51","server_running":true,"slave_id":1,"total_registers":2000,"changed_registers_count":13,"uptime_seconds":659,"sample_registers":{"1000":16,"1001":16,"1002":25,"1041":1,"1042":2,"1044":10000,"1045":1,"1081":304,"1082":304,"1083":304},"memory_usage_mb":40.5}
{"timestamp":"2025-06-24 21:40:51","server_running":true,"slave_id":1,"total_registers":2000,"changed_registers_count":13,"uptime_seconds":719,"sample_registers":{"1000":16,"1001":16,"1002":25,"1041":1,"1042":2,"1044":10000,"1045":1,"1081":304,"1082":304,"1083":304},"memory_usage_mb":40.5}
{"timestamp":"2025-06-24 21:41:51","server_running":true,"slave_id":1,"total_registers":2000,"changed_registers_count":13,"uptime_seconds":779,"sample_registers":{"1000":16,"1001":16,"1002":25,"1041":1,"1042":2,"1044":10000,"1045":1,"1081":304,"1082":304,"1083":304},"memory_usage_mb":40.5}
{"timestamp":"2025-06-24 21:42:51","server_running":true,"slave_id":1,"total_registers":2000,"changed_registers_count":13,"uptime_seconds":839,"sample_registers":{"1000":16,"1001":16,"1002":25,"1041":1,"1042":2,"1044":10000,"1045":1,"1081":304,"1082":304,"1083":304},"memory_usage_mb":40.5}
{"timestamp":"2025-06-24 21:43:51","server_running":true,"slave_id":1,"total_registers":2000,"changed_registers_count":13,"uptime_seconds":899,"sample_registers":{"1000":16,"1001":16,"1002":25,"1041":1,"1042":2,"1044":10000,"1045":1,"1081":304,"1082":304,"1083":304},"memory_usage_mb":40.5}
{"timestamp":"2025-06-24 21:44:51","server_running":true,"slave_id":1,"total_registers":2000,"changed_registers_count":13,"uptime_seconds":959,"sample_registers":{"1000":16,"1001":16,"1002":25,"1041":1,"1042":2,"1044":10000,"1045":1,"1081":304,"1082":304,"1083":304},"memory_usage_mb":40.5}
{"timestamp":"2025-06-24 21:45:51","server_running":true,"slave_id":1,"total_registers":2000,"changed_registers_count":13,"uptime_seconds":1019,"sample_registers":{"1000":16,"1001":16,"1002":25,"1041":1,"1042":2,"1044":10000,"1045":1,"1081":304,"1082":304,"1083":304},"memory_usage_mb":40.5}
{"timestamp":"2025-06-24 21:46:51","server_running":true,"slave_id":1,"total_registers":2000,"changed_registers_count":13,"uptime_seconds":1079,"sample_registers":{"1000":16,"1001":16,"1002":25,"1041":1,"1042":2,"1044":10000,"1045":1,"1081":304,"1082":304,"1083":304},"memory_usage_mb":40.5}
{"timestamp":"2025-06-24 21:47:51","server_running":true,"slave_id":1,"total_registers":2000,"changed_registers_count":13,"uptime_seconds":1139,"sample_registers":{"1000":16,"1001":16,"1002":25,"1041":1,"1042":2,"1044":10000,"1045":1,"1081":304,"1082":304,"1083":304},"memory_usage_mb":40.5}
{"timestamp":"2025-06-24 21:48:51","server_running":true,"slave_id":1,"total_registers":2000,"changed_registers_count":13,"uptime_seconds":1199,"sample_registers":{"1000":16,"1001":16,"1002":25,"1041":1,"1042":2,"1044":10000,"1045":1,"1081":304,"1082":304,"1083":304},"memory_usage_mb":40.5}
{"timestamp":"2025-06-24 21:49:51","server_running":true,"slave_id":1,"total_registers":2000,"changed_registers_count":13,"uptime_seconds":1259,"sample_registers":{"1000":16,"1001":16,"1002":25,"1041":1,"1042":2,"1044":10000,"1045":1,"1081":304,"1082":304,"1083":304},"memory_usage_mb":40.5}
{"timestamp":"2025-06-24 21:50:51","server_running":true,"slave_id":1,"total_registers":2000,"changed_registers_count":13,"uptime_seconds":1319,"sample_registers":{"1000":16,"1001":16,"1002":25,"1041":1,"1042":2,"1044":10000,"1045":1,"1081":304,"1082":304,"1083":304},"memory_usage_mb":40.5}
{"timestamp":"2025-06-24 21:51:51","server_running":true,"slave_id":1,"total_registers":2000,"changed_registers_count":13,"uptime_seconds":1379,"sample_registers":{"1000":16,"1001":16,"1002":25,"1041":1,"1042":2,"1044":10000,"1045":1,"1081":304,"1082":304,"1083":304},"memory_usage_mb":40.5}
{"timestamp":"2025-06-24 21:52:51","server_running":true,"slave_id":1,"total_registers":2000,"changed_registers_count":13,"uptime_seconds":1439,"sample_registers":{"1000":16,"1001":16,"1002":25,"1041":1,"1042":2,"1044":10000,"1045":1,"1081":304,"1082":304,"1083":304},"memory_usage_mb":40.5}
{"timestamp":"2025-06-24 21:53:51","server_running":true,"slave_id":1,"total_registers":2000,"changed_registers_count":13,"uptime_seconds":1499,"sample_registers":{"1000":16,"1001":16,"1002":25,"1041":1,"1042":2,"1044":10000,"1045":1,"1081":304,"1082":304,"1083":304},"memory_usage_mb":40.5}
{"timestamp":"2025-06-24 21:54:51","server_running":true,"slave_id":1,"total_registers":2000,"changed_registers_count":13,"uptime_seconds":1559,"sample_registers":{"1000":16,"1001":16,"1002":25,"1041":1,"1042":2,"1044":10000,"1045":1,"1081":304,"1082":304,"1083":304},"memory_usage_mb":40.5}
{"timestamp":"2025-06-24 21:55:51","server_running":true,"slave_id":1,"total_registers":2000,"changed_registers_count":13,"uptime_seconds":1619,"sample_registers":{"1000":16,"1001":16,"1002":25,"1041":1,"1042":2,"1044":10000,"1045":1,"1081":304,"1082":304,"1083":304},"memory_usage_mb":40.5}
{"timestamp":"2025-06-24 21:56:51","server_running":true,"slave_id":1,"total_registers":2000,"changed_registers_count":13,"uptime_seconds":1679,"sample_registers":{"1000":16,"1001":16,"1002":25,"1041":1,"1042":2,"1044":10000,"1045":1,"1081":304,"1082":304,"1083":304},"memory_usage_mb":40.5}
{"timestamp":"2025-06-24 21:57:51","server_running":true,"slave_id":1,"total_registers":2000,"changed_registers_count":13,"uptime_seconds":1739,"sample_registers":{"1000":16,"1001":16,"1002":25,"1041":1,"1042":2,"1044":10000,"1045":1,"1081":304,"1082":304,"1083":304},"memory_usage_mb":40.5}
{"timestamp":"2025-06-24 21:58:51","server_running":true,"slave_id":1,"total_registers":2000,"changed_registers_count":13,"uptime_seconds":1799,"sample_registers":{"1000":16,"1001":16,"1002":25,"1041":1,"1042":2,"1044":10000,"1045":1,"1081":304,"1082":304,"1083":304},"memory_usage_mb":40.5}
{"timestamp":"2025-06-24 21:59:51","server_running":true,"slave_id":1,"total_registers":2000,"changed_registers_count":13,"uptime_seconds":1859,"sample_registers":{"1000":16,"1001":16,"1002":25,"1041":1,"1042":2,"1044":10000,"1045":1,"1081":304,"1082":304,"1083":304},"memory_usage_mb":40.5}
{"timestamp":"2025-06-24 22:00:51","server_running":true,"slave_id":1,"total_registers":2000,"changed_registers_count":13,"uptime_seconds":1919,"sample_registers":{"1000":16,"1001":16,"1002":25,"1041":1,"1042":2,"1044":10000,"1045":1,"1081":304,"1082":304,"1083":304},"memory_usage_mb":40.5}
{"timestamp":"2025-06-24 22:01:51","server_running":true,"slave_id":1,"total_registers":2000,"changed_registers_count":13,"uptime_seconds":1979,"sample_registers":{"1000":16,"1001":16,"1002":25,"1041":1,"1042":2,"1044":10000,"1045":1,"1081":304,"1082":304,"1083":304},"memory_usage_mb":40.5}
{"timestamp":"2025-06-24 22:02:51","server_running":true,"slave_id":1,"total_registers":2000,"changed_registers_count":13,"uptime_seconds":2039,"sample_registers":{"1000":16,"1001":16,"1002":25,"1041":1,"1042":2,"1044":10000,"1045":1,"1081":304,"1082":304,"1083":304},"memory_usage_mb":40.5}
{"timestamp":"2025-06-24 22:03:52","server_running":true,"slave_id":1,"total_registers":2000,"changed_registers_count":13,"uptime_seconds":2099,"sample_registers":{"1000":16,"1001":16,"1002":25,"1041":1,"1042":2,"1044":10000,"1045":1,"1081":304,"1082":304,"1083":304},"memory_usage_mb":40.0}
{"timestamp":"2025-06-24 22:04:52","server_running":true,"slave_id":1,"total_registers":2000,"changed_registers_count":13,"uptime_seconds":2159,"sample_registers":{"1000":16,"1001":16,"1002":25,"1041":1,"1042":2,"1044":10000,"1045":1,"1081":304,"1082":304,"1083":304},"memory_usage_mb":40.0}
{"timestamp":"2025-06-24 22:05:52","server_running":true,"slave_id":1,"total_registers":2000,"changed_registers_count":13,"uptime_seconds":2219,"sample_registers":{"1000":16,"1001":16,"1002":25,"1041":1,"1042":2,"1044":10000,"1045":1,"1081":304,"1082":304,"1083":304},"memory_usage_mb":40.0}
{"timestamp":"2025-06-24 22:06:52","server_running":true,"slave_id":1,"total_registers":2000,"changed_registers_count":13,"uptime_seconds":2279,"sample_registers":{"1000":16,"1001":16,"1002":25,"1041":1,"1042":2,"1044":10000,"1045":1,"1081":304,"1082":304,"1083":304},"memory_usage_mb":40.0}
{"timestamp":"2025-06-24 22:07:52","server_running":true,"slave_id":1,"total_registers":2000,"changed_registers_count":13,"uptime_seconds":2339,"sample_registers":{"1000":16,"1001":16,"1002":25,"1041":1,"1042":2,"1044":10000,"1045":1,"1081":304,"1082":304,"1083":304},"memory_usage_mb":40.0}
{"timestamp":"2025-06-24 22:08:52","server_running":true,"slave_id":1,"total_registers":2000,"changed_registers_count":13,"uptime_seconds":2399,"sample_registers":{"1000":16,"1001":16,"1002":25,"1041":1,"1042":2,"1044":10000,"1045":1,"1081":304,"1082":304,"1083":304},"memory_usage_mb":40.0}
{"timestamp":"2025-06-24 22:09:52","server_running":true,"slave_id":1,"total_registers":2000,"changed_registers_count":13,"uptime_seconds":2460,"sample_registers":{"1000":16,"1001":16,"1002":25,"1041":1,"1042":2,"1044":10000,"1045":1,"1081":304,"1082":304,"1083":304},"memory_usage_mb":40.0}
{"timestamp":"2025-06-24 22:10:52","server_running":true,"slave_id":1,"total_registers":2000,"changed_registers_count":13,"uptime_seconds":2520,"sample_registers":{"1000":16,"1001":16,"1002":25,"1041":1,"1042":2,"1044":10000,"1045":1,"1081":304,"1082":304,"1083":304},"memory_usage_mb":40.0}
{"timestamp":"2025-06-24 22:11:52","server_running":true,"slave_id":1,"total_registers":2000,"changed_registers_count":13,"uptime_seconds":2580,"sample_registers":{"1000":16,"1001":16,"1002":25,"1041":1,"1042":2,"1044":10000,"1045":1,"1081":304,"1082":304,"1083":304},"memory_usage_mb":40.0}
{"timestamp":"2025-06-24 22:12:52","server_running":true,"slave_id":1,"total_registers":2000,"changed_registers_count":13,"uptime_seconds":2640,"sample_registers":{"1000":16,"1001":16,"1002":25,"1041":1,"1042":2,"1044":10000,"1045":1,"1081":304,"1082":304,"1083":304},"memory_usage_mb":40.0}
